0 silly argv { _: [ 'run' ],
0 silly argv   help: false,
0 silly argv   h: false,
0 silly argv   version: false,
0 silly argv   v: false,
0 silly argv   'reject-cycles': undefined,
0 silly argv   rejectCycles: undefined,
0 silly argv   sort: undefined,
0 silly argv   stream: undefined,
0 silly argv   parallel: undefined,
0 silly argv   '$0': 'lerna',
0 silly argv   loglevel: undefined,
0 silly argv   concurrency: undefined,
0 silly argv   scope: undefined,
0 silly argv   since: undefined,
0 silly argv   ignore: undefined,
0 silly argv   'include-filtered-dependencies': undefined,
0 silly argv   'max-buffer': undefined,
0 silly argv   'npm-client': undefined,
0 silly argv   script: 'build' }
1 info version 3.0.0-alpha.1
2 verbose rootPath /mnt/d/Projects/craft
3 info versioning independent
4 silly batched [ PackageGraphNode {
4 silly batched     name: '@collaboratory/craft-client-component-queue',
4 silly batched     externalDependencies: Map { '@collaboratory/craft-client-forge' => [Object] },
4 silly batched     localDependencies: Map {},
4 silly batched     localDependents: Map {} },
4 silly batched   PackageGraphNode {
4 silly batched     name: '@collaboratory/craft-client-component-app',
4 silly batched     externalDependencies:
4 silly batched      Map {
4 silly batched        'styled-components' => [Object],
4 silly batched        'styled-reset' => [Object],
4 silly batched        'polished' => [Object],
4 silly batched        'prop-types' => [Object],
4 silly batched        'react' => [Object],
4 silly batched        'react-router-dom' => [Object] },
4 silly batched     localDependencies: Map {},
4 silly batched     localDependents: Map {} },
4 silly batched   PackageGraphNode {
4 silly batched     name: '@collaboratory/craft-client-component-service',
4 silly batched     externalDependencies: Map { '@collaboratory/craft-client-forge' => [Object] },
4 silly batched     localDependencies: Map {},
4 silly batched     localDependents: Map {} },
4 silly batched   PackageGraphNode {
4 silly batched     name: '@collaboratory/craft-client-component-socket',
4 silly batched     externalDependencies: Map { '@collaboratory/craft-client-forge' => [Object] },
4 silly batched     localDependencies: Map {},
4 silly batched     localDependents: Map {} },
4 silly batched   PackageGraphNode {
4 silly batched     name: '@collaboratory/craft-client-component-grid',
4 silly batched     externalDependencies: Map { '@collaboratory/craft-client-forge' => [Object] },
4 silly batched     localDependencies: Map {},
4 silly batched     localDependents: Map {} },
4 silly batched   PackageGraphNode {
4 silly batched     name: '@collaboratory/craft-client-component-page',
4 silly batched     externalDependencies: Map { '@collaboratory/craft-client-forge' => [Object] },
4 silly batched     localDependencies: Map {},
4 silly batched     localDependents: Map {} },
4 silly batched   PackageGraphNode {
4 silly batched     name: '@collaboratory/craft-client-component-observable',
4 silly batched     externalDependencies: Map { '@collaboratory/craft-client-forge' => [Object] },
4 silly batched     localDependencies: Map {},
4 silly batched     localDependents: Map {} },
4 silly batched   PackageGraphNode {
4 silly batched     name: '@collaboratory/craft-client-component-loading-indicator',
4 silly batched     externalDependencies: Map { '@collaboratory/craft-client-forge' => [Object] },
4 silly batched     localDependencies: Map {},
4 silly batched     localDependents:
4 silly batched      Map {
4 silly batched        '@collaboratory/craft-client-component-datatable' => [Object] } },
4 silly batched   PackageGraphNode {
4 silly batched     name: '@collaboratory/craft-client-component-message',
4 silly batched     externalDependencies: Map { '@collaboratory/craft-client-forge' => [Object] },
4 silly batched     localDependencies: Map {},
4 silly batched     localDependents: Map {} },
4 silly batched   PackageGraphNode {
4 silly batched     name: '@collaboratory/craft-client-component-modal',
4 silly batched     externalDependencies:
4 silly batched      Map {
4 silly batched        'lodash' => [Object],
4 silly batched        'mitt' => [Object],
4 silly batched        'prop-types' => [Object],
4 silly batched        'styled-components' => [Object] },
4 silly batched     localDependencies: Map {},
4 silly batched     localDependents: Map {} },
4 silly batched   PackageGraphNode {
4 silly batched     name: '@collaboratory/craft-client-service-analytics',
4 silly batched     externalDependencies: Map { '@collaboratory/craft-client-forge' => [Object] },
4 silly batched     localDependencies: Map {},
4 silly batched     localDependents: Map {} },
4 silly batched   PackageGraphNode {
4 silly batched     name: '@collaboratory/craft-client-component-sidebar',
4 silly batched     externalDependencies: Map { '@collaboratory/craft-client-forge' => [Object] },
4 silly batched     localDependencies: Map {},
4 silly batched     localDependents: Map {} },
4 silly batched   PackageGraphNode {
4 silly batched     name: '@collaboratory/craft-client-component-panel',
4 silly batched     externalDependencies: Map { '@collaboratory/craft-client-forge' => [Object] },
4 silly batched     localDependencies: Map {},
4 silly batched     localDependents: Map {} },
4 silly batched   PackageGraphNode {
4 silly batched     name: '@collaboratory/craft-client-component-table',
4 silly batched     externalDependencies: Map { '@collaboratory/craft-client-forge' => [Object] },
4 silly batched     localDependencies: Map {},
4 silly batched     localDependents:
4 silly batched      Map {
4 silly batched        '@collaboratory/craft-client-component-datatable' => [Object] } },
4 silly batched   PackageGraphNode {
4 silly batched     name: '@collaboratory/craft-client-service-auth',
4 silly batched     externalDependencies: Map { '@collaboratory/craft-client-forge' => [Object] },
4 silly batched     localDependencies: Map {},
4 silly batched     localDependents: Map {} },
4 silly batched   PackageGraphNode {
4 silly batched     name: '@collaboratory/craft-client-service-storage',
4 silly batched     externalDependencies: Map { '@collaboratory/craft-client-forge' => [Object] },
4 silly batched     localDependencies: Map {},
4 silly batched     localDependents: Map {} },
4 silly batched   PackageGraphNode {
4 silly batched     name: '@collaboratory/craft-client-theme-default',
4 silly batched     externalDependencies: Map { '@collaboratory/craft-client-forge' => [Object] },
4 silly batched     localDependencies: Map {},
4 silly batched     localDependents: Map {} },
4 silly batched   PackageGraphNode {
4 silly batched     name: '@collaboratory/craft-client-util-styled',
4 silly batched     externalDependencies: Map { '@collaboratory/craft-client-forge' => [Object] },
4 silly batched     localDependencies: Map {},
4 silly batched     localDependents:
4 silly batched      Map {
4 silly batched        '@collaboratory/craft-client-component-button' => [Object],
4 silly batched        '@collaboratory/craft-client-component-form' => [Object] } },
4 silly batched   PackageGraphNode {
4 silly batched     name: '@collaboratory/map-factory',
4 silly batched     externalDependencies: Map { '@collaboratory/craft-client-forge' => [Object] },
4 silly batched     localDependencies: Map {},
4 silly batched     localDependents:
4 silly batched      Map {
4 silly batched        '@collaboratory/craft-client-service-emitter' => [Object],
4 silly batched        'rhetoric' => [Object] } },
4 silly batched   PackageGraphNode {
4 silly batched     name: '@collaboratory/craft-server-provider-web',
4 silly batched     externalDependencies: Map {},
4 silly batched     localDependencies: Map {},
4 silly batched     localDependents: Map {} } ]
5 silly batched [ PackageGraphNode {
5 silly batched     name: '@collaboratory/craft-client-component-button',
5 silly batched     externalDependencies: Map { '@collaboratory/craft-client-forge' => [Object] },
5 silly batched     localDependencies: Map {},
5 silly batched     localDependents: Map {} },
5 silly batched   PackageGraphNode {
5 silly batched     name: '@collaboratory/craft-client-component-form',
5 silly batched     externalDependencies: Map { '@collaboratory/craft-client-forge' => [Object] },
5 silly batched     localDependencies: Map {},
5 silly batched     localDependents:
5 silly batched      Map {
5 silly batched        '@collaboratory/craft-client-component-paginator' => [Object] } },
5 silly batched   PackageGraphNode {
5 silly batched     name: '@collaboratory/craft-client-service-emitter',
5 silly batched     externalDependencies: Map { '@collaboratory/craft-client-forge' => [Object] },
5 silly batched     localDependencies: Map {},
5 silly batched     localDependents: Map { '@collaboratory/craft-client-component-emitter' => [Object] } },
5 silly batched   PackageGraphNode {
5 silly batched     name: 'rhetoric',
5 silly batched     externalDependencies: Map { '@collaboratory/schrodinger' => [Object] },
5 silly batched     localDependencies: Map {},
5 silly batched     localDependents: Map { '@collaboratory/craft-server' => [Object] } } ]
6 silly batched [ PackageGraphNode {
6 silly batched     name: '@collaboratory/craft-client-component-emitter',
6 silly batched     externalDependencies: Map { '@collaboratory/craft-client-forge' => [Object] },
6 silly batched     localDependencies: Map {},
6 silly batched     localDependents: Map {} },
6 silly batched   PackageGraphNode {
6 silly batched     name: '@collaboratory/craft-client-component-paginator',
6 silly batched     externalDependencies: Map { '@collaboratory/craft-client-forge' => [Object] },
6 silly batched     localDependencies: Map {},
6 silly batched     localDependents:
6 silly batched      Map {
6 silly batched        '@collaboratory/craft-client-component-datatable' => [Object] } },
6 silly batched   PackageGraphNode {
6 silly batched     name: '@collaboratory/craft-server',
6 silly batched     externalDependencies: Map {},
6 silly batched     localDependencies: Map {},
6 silly batched     localDependents: Map {} } ]
7 silly batched [ PackageGraphNode {
7 silly batched     name: '@collaboratory/craft-client-component-datatable',
7 silly batched     externalDependencies: Map { '@collaboratory/craft-client-forge' => [Object] },
7 silly batched     localDependencies: Map {},
7 silly batched     localDependents: Map {} } ]
8 silly npmRunScript build [] component-queue
9 silly getExecOpts { cwd: '/mnt/d/Projects/craft/packages/client/component-queue' }
10 silly npmRunScript build [] component-app
11 silly getExecOpts { cwd: '/mnt/d/Projects/craft/packages/client/component-app' }
12 silly npmRunScript build [] component-service
13 silly getExecOpts { cwd: '/mnt/d/Projects/craft/packages/client/component-service' }
14 silly npmRunScript build [] component-socket
15 silly getExecOpts { cwd: '/mnt/d/Projects/craft/packages/client/component-socket' }
16 error build Errored while running script in '@collaboratory/craft-client-component-queue'
17 error Error: Command failed: npm run build
17 error src/ doesn't exist
17 error npm ERR! code ELIFECYCLE
17 error npm ERR! errno 2
17 error npm ERR! @collaboratory/craft-client-component-queue@0.0.0 build: `babel -d dist/ -D --compact --minified src/ --ignore '**/*.test.js,**/__tests__'`
17 error npm ERR! Exit status 2
17 error npm ERR!
17 error npm ERR! Failed at the @collaboratory/craft-client-component-queue@0.0.0 build script.
17 error npm ERR! This is probably not a problem with npm. There is likely additional logging output above.
17 error
17 error npm ERR! A complete log of this run can be found in:
17 error npm ERR!     /home/aewing/.npm/_logs/2018-03-08T11_39_11_610Z-debug.log
17 error
17 error > @collaboratory/craft-client-component-queue@0.0.0 build /mnt/d/Projects/craft/packages/client/component-queue
17 error > babel -d dist/ -D --compact --minified src/ --ignore '**/*.test.js,**/__tests__'
17 error
17 error
17 error     at makeError (/home/aewing/.nvm/versions/node/v8.9.1/lib/node_modules/lerna/node_modules/execa/index.js:169:9)
17 error     at Promise.all.then.arr (/home/aewing/.nvm/versions/node/v8.9.1/lib/node_modules/lerna/node_modules/execa/index.js:274:16)
17 error     at <anonymous>
